<?xml version="1.0" encoding="UTF-8"?>
<!-- Generated by org.testng.reporters.JUnitReportReporter -->
<testsuite hostname="DESKTOP-2HGK5KQ" failures="0" tests="3" name="RestAssured.TestingAPI.DynamicJson" time="4.508" errors="0" timestamp="2025-03-24T19:24:22 IST" skipped="0">
  <testcase classname="RestAssured.TestingAPI.DynamicJson" name="addBook" time="3.855"/>
  <testcase classname="RestAssured.TestingAPI.DynamicJson" name="addBook" time="0.434"/>
  <testcase classname="RestAssured.TestingAPI.DynamicJson" name="addBook" time="0.219"/>
</testsuite> <!-- RestAssured.TestingAPI.DynamicJson -->
