<?xml version="1.0" encoding="UTF-8"?>
<!-- Generated by org.testng.reporters.JUnitReportReporter -->
<testsuite hostname="DESKTOP-2HGK5KQ" failures="0" tests="1" name="RestAssured.TestingAPI.AddPlace" time="3.647" errors="0" timestamp="2025-03-25T13:10:59 IST" skipped="0">
  <testcase classname="RestAssured.TestingAPI.AddPlace" name="add_place_payload_with" time="3.647"/>
</testsuite> <!-- RestAssured.TestingAPI.AddPlace -->
